#
# There is insufficient memory for the Java Runtime Environment to continue.
# Native memory allocation (mmap) failed to map 251658240 bytes for Failed to commit area from 0x0000000711000000 to 0x0000000720000000 of length 251658240.
# Possible reasons:
#   The system is out of physical RAM or swap space
#   The process is running with CompressedOops enabled, and the Java Heap may be blocking the growth of the native heap
# Possible solutions:
#   Reduce memory load on the system
#   Increase physical memory or swap space
#   Check if swap backing store is full
#   Decrease Java heap size (-Xmx/-Xms)
#   Decrease number of Java threads
#   Decrease Java thread stack sizes (-Xss)
#   Set larger code cache with -XX:ReservedCodeCacheSize=
# This output file may be truncated or incomplete.
#
#  Out of Memory Error (./src/hotspot/os/windows/os_windows.cpp:3301), pid=36544, tid=22564
#
# JRE version:  (11.0.10+8) (build )
# Java VM: OpenJDK 64-Bit Server VM (11.0.10+8-b1145.96, mixed mode, sharing, tiered, compressed oops, g1 gc, windows-amd64)
# No core dump will be written. Minidumps are not enabled by default on client versions of Windows
#

---------------  S U M M A R Y ------------

Command Line: org.jetbrains.git4idea.http.GitAskPassApp Username for 'https://github.com': 

Host: AMD Ryzen 7 3750H with Radeon Vega Mobile Gfx  , 8 cores, 14G,  Windows 10 , 64 bit Build 19041 (10.0.19041.804)
Time: Fri Mar 26 00:07:43 2021 中国标准时间 elapsed time: 0.014854 seconds (0d 0h 0m 0s)

---------------  T H R E A D  ---------------

Current thread (0x000001b18ad4f000):  JavaThread "Unknown thread" [_thread_in_vm, id=22564, stack(0x00000049d5600000,0x00000049d5700000)]

Stack: [0x00000049d5600000,0x00000049d5700000]
Native frames: (J=compiled Java code, j=interpreted, Vv=VM code, C=native code)
V  [jvm.dll+0x5ece6a]
V  [jvm.dll+0x722cd5]
V  [jvm.dll+0x72422d]
V  [jvm.dll+0x7248e3]
V  [jvm.dll+0x2428d8]
V  [jvm.dll+0x5ea244]
V  [jvm.dll+0x5df2e5]
V  [jvm.dll+0x2fdddb]
V  [jvm.dll+0x2fdd4a]
V  [jvm.dll+0x2fdc22]
V  [jvm.dll+0x302b06]
V  [jvm.dll+0x34b033]
V  [jvm.dll+0x34b736]
V  [jvm.dll+0x34b133]
V  [jvm.dll+0x2d87d8]
V  [jvm.dll+0x2d9987]
V  [jvm.dll+0x701817]
V  [jvm.dll+0x70300c]
V  [jvm.dll+0x3585a9]
V  [jvm.dll+0x6e516e]
V  [jvm.dll+0x3c09e3]
V  [jvm.dll+0x3c2c71]
C  [jli.dll+0x5373]
C  [ucrtbase.dll+0x21bb2]
C  [KERNEL32.DLL+0x17034]
C  [ntdll.dll+0x52651]


---------------  P R O C E S S  ---------------

Threads class SMR info:
_java_thread_list=0x000001b18aac2930, length=0, elements={
}

Java Threads: ( => current thread )

Other Threads:
  0x000001b18ad67800 GCTaskThread "GC Thread#0" [stack: 0x00000049d5700000,0x00000049d5800000] [id=17248]
  0x000001b18adbd000 ConcurrentGCThread "G1 Main Marker" [stack: 0x00000049d5800000,0x00000049d5900000] [id=33456]
  0x000001b18adbe800 ConcurrentGCThread "G1 Conc#0" [stack: 0x00000049d5900000,0x00000049d5a00000] [id=36516]

[error occurred during error reporting (printing all threads), id 0xc0000005, EXCEPTION_ACCESS_VIOLATION (0xc0000005) at pc=0x00007ff897608db7]

VM state:not at safepoint (not fully initialized)

VM Mutex/Monitor currently owned by a thread:  ([mutex/lock_event])
[0x000001b18ad4c0f0] Heap_lock - owner thread: 0x000001b18ad4f000

Heap address: 0x0000000711000000, size: 3824 MB, Compressed Oops mode: Non-zero based: 0x0000000711000000
Narrow klass base: 0x0000000000000000, Narrow klass shift: 0

GC Heap History (0 events):
No events

Deoptimization events (0 events):
No events

Classes redefined (0 events):
No events

Internal exceptions (0 events):
No events

Events (1 events):
Event: 0.009 Loaded shared library D:\Program Files\JetBrains\IntelliJ IDEA 2020.1\jbr\bin\zip.dll


Dynamic libraries:
0x00007ff6cec10000 - 0x00007ff6cec1a000 	D:\Program Files\JetBrains\IntelliJ IDEA 2020.1\jbr\bin\java.exe
0x00007ff8df370000 - 0x00007ff8df565000 	C:\WINDOWS\SYSTEM32\ntdll.dll
0x00007ff8de3e0000 - 0x00007ff8de49d000 	C:\WINDOWS\System32\KERNEL32.DLL
0x00007ff8dd100000 - 0x00007ff8dd3c9000 	C:\WINDOWS\System32\KERNELBASE.dll
0x00007ff8dcfd0000 - 0x00007ff8dd0d0000 	C:\WINDOWS\System32\ucrtbase.dll
0x00007ff8d7d30000 - 0x00007ff8d7d49000 	D:\Program Files\JetBrains\IntelliJ IDEA 2020.1\jbr\bin\jli.dll
0x00007ff8d7aa0000 - 0x00007ff8d7ab7000 	D:\Program Files\JetBrains\IntelliJ IDEA 2020.1\jbr\bin\VCRUNTIME140.dll
0x00007ff8de240000 - 0x00007ff8de3e0000 	C:\WINDOWS\System32\USER32.dll
0x00007ff8dcb50000 - 0x00007ff8dcb72000 	C:\WINDOWS\System32\win32u.dll
0x00007ff8ca460000 - 0x00007ff8ca6fa000 	C:\WINDOWS\WinSxS\amd64_microsoft.windows.common-controls_6595b64144ccf1df_6.0.19041.844_none_ca00b6081b84eb1d\COMCTL32.dll
0x00007ff8dec80000 - 0x00007ff8decaa000 	C:\WINDOWS\System32\GDI32.dll
0x00007ff8dd8e0000 - 0x00007ff8dd97e000 	C:\WINDOWS\System32\msvcrt.dll
0x00007ff8dcc30000 - 0x00007ff8dcd3b000 	C:\WINDOWS\System32\gdi32full.dll
0x00007ff8dcab0000 - 0x00007ff8dcb4d000 	C:\WINDOWS\System32\msvcp_win.dll
0x00007ff8dd980000 - 0x00007ff8dd9b0000 	C:\WINDOWS\System32\IMM32.DLL
0x00007ff8b7be0000 - 0x00007ff8b7c7d000 	D:\Program Files\JetBrains\IntelliJ IDEA 2020.1\jbr\bin\msvcp140.dll
0x00007ff897320000 - 0x00007ff897df0000 	D:\Program Files\JetBrains\IntelliJ IDEA 2020.1\jbr\bin\server\jvm.dll
0x00007ff8dea70000 - 0x00007ff8deb1c000 	C:\WINDOWS\System32\ADVAPI32.dll
0x00007ff8ded20000 - 0x00007ff8dedbc000 	C:\WINDOWS\System32\sechost.dll
0x00007ff8dd500000 - 0x00007ff8dd62b000 	C:\WINDOWS\System32\RPCRT4.dll
0x00007ff8decb0000 - 0x00007ff8decb8000 	C:\WINDOWS\System32\PSAPI.DLL
0x00007ff8d34e0000 - 0x00007ff8d34e9000 	C:\WINDOWS\SYSTEM32\WSOCK32.dll
0x00007ff8d1cb0000 - 0x00007ff8d1cd7000 	C:\WINDOWS\SYSTEM32\WINMM.dll
0x00007ff8d9d60000 - 0x00007ff8d9d6a000 	C:\WINDOWS\SYSTEM32\VERSION.dll
0x00007ff8dd630000 - 0x00007ff8dd69b000 	C:\WINDOWS\System32\WS2_32.dll
0x00007ff8db380000 - 0x00007ff8db392000 	C:\WINDOWS\SYSTEM32\kernel.appcore.dll
0x00007ff8d4b60000 - 0x00007ff8d4b71000 	D:\Program Files\JetBrains\IntelliJ IDEA 2020.1\jbr\bin\verify.dll
0x00007ff8da660000 - 0x00007ff8da844000 	C:\WINDOWS\SYSTEM32\DBGHELP.DLL
0x00007ff8c4520000 - 0x00007ff8c454c000 	C:\WINDOWS\SYSTEM32\dbgcore.DLL
0x00007ff8dcd40000 - 0x00007ff8dcdc0000 	C:\WINDOWS\System32\bcryptPrimitives.dll
0x00007ff8d4b00000 - 0x00007ff8d4b29000 	D:\Program Files\JetBrains\IntelliJ IDEA 2020.1\jbr\bin\java.dll
0x00007ff8d99c0000 - 0x00007ff8d99cb000 	D:\Program Files\JetBrains\IntelliJ IDEA 2020.1\jbr\bin\jimage.dll
0x00007ff8d4ae0000 - 0x00007ff8d4af8000 	D:\Program Files\JetBrains\IntelliJ IDEA 2020.1\jbr\bin\zip.dll

dbghelp: loaded successfully - version: 4.0.5 - missing functions: none
symbol engine: initialized successfully - sym options: 0x614 - pdb path: .;D:\Program Files\JetBrains\IntelliJ IDEA 2020.1\jbr\bin;C:\WINDOWS\SYSTEM32;C:\WINDOWS\WinSxS\amd64_microsoft.windows.common-controls_6595b64144ccf1df_6.0.19041.844_none_ca00b6081b84eb1d;D:\Program Files\JetBrains\IntelliJ IDEA 2020.1\jbr\bin\server

VM Arguments:
java_command: org.jetbrains.git4idea.http.GitAskPassApp Username for 'https://github.com': 
java_class_path (initial): D:/Program Files/JetBrains/IntelliJ IDEA 2020.1/plugins/git4idea/lib/git4idea-rt.jar;D:/Program Files/JetBrains/IntelliJ IDEA 2020.1/lib/xmlrpc-2.0.1.jar;D:/Program Files/JetBrains/IntelliJ IDEA 2020.1/lib/commons-codec-1.14.jar
Launcher Type: SUN_STANDARD

[Global flags]
     intx CICompilerCount                          = 4                                         {product} {ergonomic}
     uint ConcGCThreads                            = 2                                         {product} {ergonomic}
     uint G1ConcRefinementThreads                  = 8                                         {product} {ergonomic}
   size_t G1HeapRegionSize                         = 1048576                                   {product} {ergonomic}
    uintx GCDrainStackTargetSize                   = 64                                        {product} {ergonomic}
   size_t InitialHeapSize                          = 251658240                                 {product} {ergonomic}
   size_t MarkStackSize                            = 4194304                                   {product} {ergonomic}
   size_t MaxHeapSize                              = 4009754624                                {product} {ergonomic}
   size_t MinHeapDeltaBytes                        = 1048576                                   {product} {ergonomic}
    uintx NonNMethodCodeHeapSize                   = 5836300                                {pd product} {ergonomic}
    uintx NonProfiledCodeHeapSize                  = 122910970                              {pd product} {ergonomic}
    uintx ProfiledCodeHeapSize                     = 122910970                              {pd product} {ergonomic}
    uintx ReservedCodeCacheSize                    = 251658240                              {pd product} {ergonomic}
     bool SegmentedCodeCache                       = true                                      {product} {ergonomic}
     bool UseCompressedClassPointers               = true                                 {lp64_product} {ergonomic}
     bool UseCompressedOops                        = true                                 {lp64_product} {ergonomic}
     bool UseG1GC                                  = true                                      {product} {ergonomic}
     bool UseLargePagesIndividualAllocation        = false                                  {pd product} {ergonomic}

Logging:
Log output configuration:
 #0: stdout all=warning uptime,level,tags
 #1: stderr all=off uptime,level,tags

Environment Variables:
JAVA_HOME=D:\Program Files\Java\jdk-11.0.8
PATH=D:/Program Files/Git/mingw64/libexec/git-core;D:/Program Files/Git/mingw64/libexec/git-core;D:\Program Files\Git\mingw64\bin;D:\Program Files\Git\usr\bin;C:\Users\LX\bin;C:\Program Files\Microsoft MPI\Bin\;D:\Program Files (x86)\VMware\VMware Workstation\bin\;C:\Python39\Scripts\;C:\Python39\;C:\Program Files\Common Files\Oracle\Java\javapath;C:\Program Files (x86)\Common Files\Oracle\Java\javapath;C:\WINDOWS\system32;C:\WINDOWS;C:\WINDOWS\System32\Wbem;C:\WINDOWS\System32\WindowsPowerShell\v1.0\;C:\WINDOWS\System32\OpenSSH\;D:\Program Files\Git\cmd;D:\Program Files\TortoiseGit\bin;D:\Program Files\Java\jdk-11.0.8\bin;D:\maven-3.6.3\bin;C:\Program Files\dotnet\;D:\Program Files\nodejs\;C:\ProgramData\chocolatey\bin;D:\Program Files\nodejs\node_modules\npm\bin;D:\CustomSoft\scrcpy-win64-v1.16\;C:\Program Files\Microsoft SQL Server\Client SDK\ODBC\170\Tools\Binn\;C:\Program Files (x86)\Microsoft SQL Server\150\Tools\Binn\;C:\Program Files\Microsoft SQL Server\150\Tools\Binn\;C:\Program Files\Microsoft SQL Server\150\DTS\Binn\;C:\Program Files\Microsoft SQL Server\Client SDK\ODBC\110\Tools\Binn\;C:\Program Files\Microsoft SQL Server\110\DTS\Binn\;C:\Program Files (x86)\Microsoft SQL Server\110\Tools\Binn\;C:\Program Files\Microsoft SQL Server\110\Tools\Binn\;C:\Program Files (x86)\Microsoft SQL Server\110\Tools\Binn\ManagementStudio\;C:\Program Files (x86)\Microsoft Visual Studio 10.0\Common7\IDE\PrivateAssemblies\;C:\Program Files (x86)\Microsoft SQL Server\110\DTS\Binn\;C:\Program Files\Microsoft SQL Server\130\Tools\Binn\;C:\Program Files\Docker\Docker\resources\bin;C:\ProgramData\DockerDesktop\version-bin;%USERPROFILE%\AppData\Local\Microsoft\WindowsApps;%IntelliJ IDEA%;D:\Users\LX\AppData\Local\Programs\Microsoft VS Code\bin;%WebStorm%;%USERPROFILE%\.dotnet\tools;C:\Users\LX\AppData\Roaming\npm;%PyCharm%;C:\Users\LX\AppData\Local\GitHubDesktop\bin;C:\Users\LX\AppData\Local\hyper\app-3.0.2\resources\bin
USERNAME=LX
DISPLAY=:0.0
LC_ALL=en_US.UTF-8
OS=Windows_NT
PROCESSOR_IDENTIFIER=AMD64 Family 23 Model 24 Stepping 1, AuthenticAMD



---------------  S Y S T E M  ---------------

OS: Windows 10 , 64 bit Build 19041 (10.0.19041.804)
OS uptime: 4 days 7:05 hours
Hyper-V role detected

CPU:total 8 (initial active 8) (8 cores per cpu, 2 threads per core) family 23 model 24 stepping 1 microcode 0x0, cmov, cx8, fxsr, mmx, sse, sse2, sse3, ssse3, sse4.1, sse4.2, popcnt, avx, avx2, aes, clmul, mmxext, 3dnowpref, lzcnt, sse4a, ht, tsc, tscinvbit, tscinv, bmi1, bmi2, adx, s

Memory: 4k page, system-wide physical 15295M (1434M free)
TotalPageFile size 28095M (AvailPageFile size 181M)
current process WorkingSet (physical memory assigned to process): 10M, peak: 10M
current process commit charge ("private bytes"): 60M, peak: 300M

vm_info: OpenJDK 64-Bit Server VM (11.0.10+8-b1145.96) for windows-amd64 JRE (11.0.10+8-b1145.96), built on Feb 18 2021 01:38:16 by "" with MS VC++ 14.0 (VS2015)

END.
